2026/04/25 23:57:15 [alert] 65430#0: detected a LuaJIT version which is not OpenResty's; many optimizations will be disabled and performance will be compromised (see https://github.com/openresty/luajit2 for OpenResty's LuaJIT or, even better, consider using the OpenResty releases from https://openresty.org/en/download.html)
2026/04/25 23:57:15 [alert] 65430#0: failed to load the 'resty.core' module (https://github.com/openresty/lua-resty-core); ensure you are using an OpenResty release from https://openresty.org/en/download.html (reason: module 'resty.core' not found:
	no field package.preload['resty.core']
	no file '/usr/local/lib/lua/../resty/core.lua'
	no file './resty/core.lua'
	no file '/usr/local/share/luajit-2.1/resty/core.lua'
	no file '/usr/local/share/lua/5.1/resty/core.lua'
	no file '/usr/local/share/lua/5.1/resty/core/init.lua'
	no file './resty/core.so'
	no file '/usr/local/lib/lua/5.1/resty/core.so'
	no file '/usr/local/lib/lua/5.1/loadall.so'
	no file './resty.so'
	no file '/usr/local/lib/lua/5.1/resty.so'
	no file '/usr/local/lib/lua/5.1/loadall.so') in /home/wei/OPEN_SOURCE/Berries-NGINX/000.SOURCE_CODE/NGINX-1.30.0/build-output/nginx.conf:61
2026/04/26 00:00:48 [alert] 66095#0: detected a LuaJIT version which is not OpenResty's; many optimizations will be disabled and performance will be compromised (see https://github.com/openresty/luajit2 for OpenResty's LuaJIT or, even better, consider using the OpenResty releases from https://openresty.org/en/download.html)
2026/04/26 00:00:48 [alert] 66095#0: failed to load the 'resty.core' module (https://github.com/openresty/lua-resty-core); ensure you are using an OpenResty release from https://openresty.org/en/download.html (reason: module 'resty.core' not found:
	no field package.preload['resty.core']
	no file '/usr/local/lib/lua/../resty/core.lua'
	no file './resty/core.lua'
	no file '/usr/local/share/luajit-2.1/resty/core.lua'
	no file '/usr/local/share/lua/5.1/resty/core.lua'
	no file '/usr/local/share/lua/5.1/resty/core/init.lua'
	no file './resty/core.so'
	no file '/usr/local/lib/lua/5.1/resty/core.so'
	no file '/usr/local/lib/lua/5.1/loadall.so'
	no file './resty.so'
	no file '/usr/local/lib/lua/5.1/resty.so'
	no file '/usr/local/lib/lua/5.1/loadall.so') in /home/wei/OPEN_SOURCE/Berries-NGINX/000.SOURCE_CODE/NGINX-1.30.0/build-output/nginx.conf:61
2026/04/26 00:04:32 [alert] 67232#0: detected a LuaJIT version which is not OpenResty's; many optimizations will be disabled and performance will be compromised (see https://github.com/openresty/luajit2 for OpenResty's LuaJIT or, even better, consider using the OpenResty releases from https://openresty.org/en/download.html)
2026/04/26 00:04:32 [alert] 67232#0: failed to load the 'resty.core' module (https://github.com/openresty/lua-resty-core); ensure you are using an OpenResty release from https://openresty.org/en/download.html (reason: ...NGINX-LUA/lua-resty-core-0.1.32/lib/resty/core/regex.lua:14: module 'resty.lrucache' not found:
	no field package.preload['resty.lrucache']
	no file '/home/wei/OPEN_SOURCE/Berries-NGINX/000.SOURCE_CODE/NGINX-LUA/lua-resty-core-0.1.32/lib/resty/lrucache.lua'
	no file './resty/lrucache.lua'
	no file '/usr/local/share/luajit-2.1/resty/lrucache.lua'
	no file '/usr/local/share/lua/5.1/resty/lrucache.lua'
	no file '/usr/local/share/lua/5.1/resty/lrucache/init.lua'
	no file './resty/lrucache.so'
	no file '/usr/local/lib/lua/5.1/resty/lrucache.so'
	no file '/usr/local/lib/lua/5.1/loadall.so'
	no file './resty.so'
	no file '/usr/local/lib/lua/5.1/resty.so'
	no file '/usr/local/lib/lua/5.1/loadall.so') in /home/wei/OPEN_SOURCE/Berries-NGINX/000.SOURCE_CODE/NGINX-1.30.0/build-output/nginx.conf:61
2026/04/26 00:04:54 [alert] 67308#0: detected a LuaJIT version which is not OpenResty's; many optimizations will be disabled and performance will be compromised (see https://github.com/openresty/luajit2 for OpenResty's LuaJIT or, even better, consider using the OpenResty releases from https://openresty.org/en/download.html)
2026/04/26 00:04:54 [alert] 67308#0: failed to load the 'resty.core' module (https://github.com/openresty/lua-resty-core); ensure you are using an OpenResty release from https://openresty.org/en/download.html (reason: module 'resty.core' not found:
	no field package.preload['resty.core']
	no file '/home/wei/OPEN_SOURCE/Berries-NGINX/000.SOURCE_CODE/NGINX-LUA/lua-resty-core-0.1.32/lib/**/resty/core.lua'
	no file './resty/core.lua'
	no file '/usr/local/share/luajit-2.1/resty/core.lua'
	no file '/usr/local/share/lua/5.1/resty/core.lua'
	no file '/usr/local/share/lua/5.1/resty/core/init.lua'
	no file './resty/core.so'
	no file '/usr/local/lib/lua/5.1/resty/core.so'
	no file '/usr/local/lib/lua/5.1/loadall.so'
	no file './resty.so'
	no file '/usr/local/lib/lua/5.1/resty.so'
	no file '/usr/local/lib/lua/5.1/loadall.so') in /home/wei/OPEN_SOURCE/Berries-NGINX/000.SOURCE_CODE/NGINX-1.30.0/build-output/nginx.conf:61
2026/04/26 00:04:55 [alert] 67311#0: detected a LuaJIT version which is not OpenResty's; many optimizations will be disabled and performance will be compromised (see https://github.com/openresty/luajit2 for OpenResty's LuaJIT or, even better, consider using the OpenResty releases from https://openresty.org/en/download.html)
2026/04/26 00:04:55 [alert] 67311#0: failed to load the 'resty.core' module (https://github.com/openresty/lua-resty-core); ensure you are using an OpenResty release from https://openresty.org/en/download.html (reason: module 'resty.core' not found:
	no field package.preload['resty.core']
	no file '/home/wei/OPEN_SOURCE/Berries-NGINX/000.SOURCE_CODE/NGINX-LUA/lua-resty-core-0.1.32/lib/**/resty/core.lua'
	no file './resty/core.lua'
	no file '/usr/local/share/luajit-2.1/resty/core.lua'
	no file '/usr/local/share/lua/5.1/resty/core.lua'
	no file '/usr/local/share/lua/5.1/resty/core/init.lua'
	no file './resty/core.so'
	no file '/usr/local/lib/lua/5.1/resty/core.so'
	no file '/usr/local/lib/lua/5.1/loadall.so'
	no file './resty.so'
	no file '/usr/local/lib/lua/5.1/resty.so'
	no file '/usr/local/lib/lua/5.1/loadall.so') in /home/wei/OPEN_SOURCE/Berries-NGINX/000.SOURCE_CODE/NGINX-1.30.0/build-output/nginx.conf:61
2026/04/26 00:04:56 [alert] 67319#0: detected a LuaJIT version which is not OpenResty's; many optimizations will be disabled and performance will be compromised (see https://github.com/openresty/luajit2 for OpenResty's LuaJIT or, even better, consider using the OpenResty releases from https://openresty.org/en/download.html)
2026/04/26 00:04:56 [alert] 67319#0: failed to load the 'resty.core' module (https://github.com/openresty/lua-resty-core); ensure you are using an OpenResty release from https://openresty.org/en/download.html (reason: module 'resty.core' not found:
	no field package.preload['resty.core']
	no file '/home/wei/OPEN_SOURCE/Berries-NGINX/000.SOURCE_CODE/NGINX-LUA/lua-resty-core-0.1.32/lib/**/resty/core.lua'
	no file './resty/core.lua'
	no file '/usr/local/share/luajit-2.1/resty/core.lua'
	no file '/usr/local/share/lua/5.1/resty/core.lua'
	no file '/usr/local/share/lua/5.1/resty/core/init.lua'
	no file './resty/core.so'
	no file '/usr/local/lib/lua/5.1/resty/core.so'
	no file '/usr/local/lib/lua/5.1/loadall.so'
	no file './resty.so'
	no file '/usr/local/lib/lua/5.1/resty.so'
	no file '/usr/local/lib/lua/5.1/loadall.so') in /home/wei/OPEN_SOURCE/Berries-NGINX/000.SOURCE_CODE/NGINX-1.30.0/build-output/nginx.conf:61
2026/04/26 00:04:56 [alert] 67322#0: detected a LuaJIT version which is not OpenResty's; many optimizations will be disabled and performance will be compromised (see https://github.com/openresty/luajit2 for OpenResty's LuaJIT or, even better, consider using the OpenResty releases from https://openresty.org/en/download.html)
2026/04/26 00:04:56 [alert] 67322#0: failed to load the 'resty.core' module (https://github.com/openresty/lua-resty-core); ensure you are using an OpenResty release from https://openresty.org/en/download.html (reason: module 'resty.core' not found:
	no field package.preload['resty.core']
	no file '/home/wei/OPEN_SOURCE/Berries-NGINX/000.SOURCE_CODE/NGINX-LUA/lua-resty-core-0.1.32/lib/**/resty/core.lua'
	no file './resty/core.lua'
	no file '/usr/local/share/luajit-2.1/resty/core.lua'
	no file '/usr/local/share/lua/5.1/resty/core.lua'
	no file '/usr/local/share/lua/5.1/resty/core/init.lua'
	no file './resty/core.so'
	no file '/usr/local/lib/lua/5.1/resty/core.so'
	no file '/usr/local/lib/lua/5.1/loadall.so'
	no file './resty.so'
	no file '/usr/local/lib/lua/5.1/resty.so'
	no file '/usr/local/lib/lua/5.1/loadall.so') in /home/wei/OPEN_SOURCE/Berries-NGINX/000.SOURCE_CODE/NGINX-1.30.0/build-output/nginx.conf:61
2026/04/26 00:04:56 [alert] 67325#0: detected a LuaJIT version which is not OpenResty's; many optimizations will be disabled and performance will be compromised (see https://github.com/openresty/luajit2 for OpenResty's LuaJIT or, even better, consider using the OpenResty releases from https://openresty.org/en/download.html)
2026/04/26 00:04:56 [alert] 67325#0: failed to load the 'resty.core' module (https://github.com/openresty/lua-resty-core); ensure you are using an OpenResty release from https://openresty.org/en/download.html (reason: module 'resty.core' not found:
	no field package.preload['resty.core']
	no file '/home/wei/OPEN_SOURCE/Berries-NGINX/000.SOURCE_CODE/NGINX-LUA/lua-resty-core-0.1.32/lib/**/resty/core.lua'
	no file './resty/core.lua'
	no file '/usr/local/share/luajit-2.1/resty/core.lua'
	no file '/usr/local/share/lua/5.1/resty/core.lua'
	no file '/usr/local/share/lua/5.1/resty/core/init.lua'
	no file './resty/core.so'
	no file '/usr/local/lib/lua/5.1/resty/core.so'
	no file '/usr/local/lib/lua/5.1/loadall.so'
	no file './resty.so'
	no file '/usr/local/lib/lua/5.1/resty.so'
	no file '/usr/local/lib/lua/5.1/loadall.so') in /home/wei/OPEN_SOURCE/Berries-NGINX/000.SOURCE_CODE/NGINX-1.30.0/build-output/nginx.conf:61
2026/04/26 00:04:57 [alert] 67328#0: detected a LuaJIT version which is not OpenResty's; many optimizations will be disabled and performance will be compromised (see https://github.com/openresty/luajit2 for OpenResty's LuaJIT or, even better, consider using the OpenResty releases from https://openresty.org/en/download.html)
2026/04/26 00:04:57 [alert] 67328#0: failed to load the 'resty.core' module (https://github.com/openresty/lua-resty-core); ensure you are using an OpenResty release from https://openresty.org/en/download.html (reason: module 'resty.core' not found:
	no field package.preload['resty.core']
	no file '/home/wei/OPEN_SOURCE/Berries-NGINX/000.SOURCE_CODE/NGINX-LUA/lua-resty-core-0.1.32/lib/**/resty/core.lua'
	no file './resty/core.lua'
	no file '/usr/local/share/luajit-2.1/resty/core.lua'
	no file '/usr/local/share/lua/5.1/resty/core.lua'
	no file '/usr/local/share/lua/5.1/resty/core/init.lua'
	no file './resty/core.so'
	no file '/usr/local/lib/lua/5.1/resty/core.so'
	no file '/usr/local/lib/lua/5.1/loadall.so'
	no file './resty.so'
	no file '/usr/local/lib/lua/5.1/resty.so'
	no file '/usr/local/lib/lua/5.1/loadall.so') in /home/wei/OPEN_SOURCE/Berries-NGINX/000.SOURCE_CODE/NGINX-1.30.0/build-output/nginx.conf:61
2026/04/26 00:32:46 [alert] 80536#0: detected a LuaJIT version which is not OpenResty's; many optimizations will be disabled and performance will be compromised (see https://github.com/openresty/luajit2 for OpenResty's LuaJIT or, even better, consider using the OpenResty releases from https://openresty.org/en/download.html)
2026/04/26 00:32:46 [alert] 80536#0: failed to load the 'resty.core' module (https://github.com/openresty/lua-resty-core); ensure you are using an OpenResty release from https://openresty.org/en/download.html (reason: /usr/local/share/lua/5.1/resty/core/regex.lua:14: module 'resty.lrucache' not found:
	no field package.preload['resty.lrucache']
	no file './resty/lrucache.lua'
	no file '/usr/local/share/luajit-2.1/resty/lrucache.lua'
	no file '/usr/local/share/lua/5.1/resty/lrucache.lua'
	no file '/usr/local/share/lua/5.1/resty/lrucache/init.lua'
	no file './resty/lrucache.so'
	no file '/usr/local/lib/lua/5.1/resty/lrucache.so'
	no file '/usr/local/lib/lua/5.1/loadall.so'
	no file './resty.so'
	no file '/usr/local/lib/lua/5.1/resty.so'
	no file '/usr/local/lib/lua/5.1/loadall.so') in /home/wei/OPEN_SOURCE/Berries-NGINX/000.SOURCE_CODE/NGINX-1.30.0/build-output/nginx.conf:60
2026/04/26 00:38:22 [alert] 81619#0: detected a LuaJIT version which is not OpenResty's; many optimizations will be disabled and performance will be compromised (see https://github.com/openresty/luajit2 for OpenResty's LuaJIT or, even better, consider using the OpenResty releases from https://openresty.org/en/download.html)
2026/04/26 00:43:39 [alert] 83429#0: detected a LuaJIT version which is not OpenResty's; many optimizations will be disabled and performance will be compromised (see https://github.com/openresty/luajit2 for OpenResty's LuaJIT or, even better, consider using the OpenResty releases from https://openresty.org/en/download.html)
2026/04/26 00:43:39 [emerg] 83429#0: bind() to 0.0.0.0:9000 failed (98: Address already in use)
2026/04/26 00:43:39 [emerg] 83429#0: bind() to 0.0.0.0:9000 failed (98: Address already in use)
2026/04/26 00:43:39 [emerg] 83429#0: bind() to 0.0.0.0:9000 failed (98: Address already in use)
2026/04/26 00:43:39 [emerg] 83429#0: bind() to 0.0.0.0:9000 failed (98: Address already in use)
2026/04/26 00:43:39 [emerg] 83429#0: bind() to 0.0.0.0:9000 failed (98: Address already in use)
2026/04/26 00:43:39 [emerg] 83429#0: still could not bind()
2026/04/26 00:44:09 [alert] 83568#0: detected a LuaJIT version which is not OpenResty's; many optimizations will be disabled and performance will be compromised (see https://github.com/openresty/luajit2 for OpenResty's LuaJIT or, even better, consider using the OpenResty releases from https://openresty.org/en/download.html)
2026/04/26 00:44:23 [error] 83570#0: *1 "/home/wei/OPEN_SOURCE/To-Sweet-Heart/dist/index.html" is not found (2: No such file or directory), client: 127.0.0.1, server: , request: "GET / HTTP/1.1", host: "127.0.0.1:9000"
